[debug] [2020-06-01T09:10:40.589Z] ----------------------------------------------------------------------
[debug] [2020-06-01T09:10:40.591Z] Command:       C:\Program Files\nodejs\node.exe C:\Users\is06\AppData\Roaming\npm\node_modules\firebase-tools\lib\bin\firebase.js deploy
[debug] [2020-06-01T09:10:40.591Z] CLI Version:   8.4.1
[debug] [2020-06-01T09:10:40.591Z] Platform:      win32
[debug] [2020-06-01T09:10:40.591Z] Node Version:  v13.9.0
[debug] [2020-06-01T09:10:40.592Z] Time:          Mon Jun 01 2020 16:10:40 GMT+0700 (Indochina Time)
[debug] [2020-06-01T09:10:40.592Z] ----------------------------------------------------------------------
[debug] [2020-06-01T09:10:40.593Z] 
[debug] [2020-06-01T09:10:40.600Z] > command requires scopes: ["email","openid","https://www.googleapis.com/auth/cloudplatformprojects.readonly","https://www.googleapis.com/auth/firebase","https://www.googleapis.com/auth/cloud-platform"]
[debug] [2020-06-01T09:10:40.601Z] > authorizing via signed-in user
[debug] [2020-06-01T09:10:40.601Z] [iam] checking project expense-tracker-app-12ef2 for permissions ["firebase.projects.get","firebasehosting.sites.update"]
[debug] [2020-06-01T09:10:40.603Z] >>> HTTP REQUEST POST https://cloudresourcemanager.googleapis.com/v1/projects/expense-tracker-app-12ef2:testIamPermissions  
 {"permissions":["firebase.projects.get","firebasehosting.sites.update"]}
[debug] [2020-06-01T09:10:41.977Z] <<< HTTP RESPONSE 200 {"content-type":"application/json; charset=UTF-8","vary":"X-Origin, Referer, Origin,Accept-Encoding","date":"Mon, 01 Jun 2020 09:10:41 GMT","server":"ESF","cache-control":"private","x-xss-protection":"0","x-frame-options":"SAMEORIGIN","x-content-type-options":"nosniff","server-timing":"gfet4t7; dur=1005","alt-svc":"h3-27=\":443\"; ma=2592000,h3-25=\":443\"; ma=2592000,h3-T050=\":443\"; ma=2592000,h3-Q050=\":443\"; ma=2592000,h3-Q049=\":443\"; ma=2592000,h3-Q048=\":443\"; ma=2592000,h3-Q046=\":443\"; ma=2592000,h3-Q043=\":443\"; ma=2592000,quic=\":443\"; ma=2592000; v=\"46,43\"","accept-ranges":"none","transfer-encoding":"chunked"}
[debug] [2020-06-01T09:10:41.979Z] >>> HTTP REQUEST GET https://firebase.googleapis.com/v1beta1/projects/expense-tracker-app-12ef2  
 
[debug] [2020-06-01T09:10:42.348Z] <<< HTTP RESPONSE 200 {"content-type":"application/json; charset=UTF-8","vary":"X-Origin, Referer, Origin,Accept-Encoding","date":"Mon, 01 Jun 2020 09:10:42 GMT","server":"ESF","cache-control":"private","x-xss-protection":"0","x-frame-options":"SAMEORIGIN","x-content-type-options":"nosniff","alt-svc":"h3-27=\":443\"; ma=2592000,h3-25=\":443\"; ma=2592000,h3-T050=\":443\"; ma=2592000,h3-Q050=\":443\"; ma=2592000,h3-Q049=\":443\"; ma=2592000,h3-Q048=\":443\"; ma=2592000,h3-Q046=\":443\"; ma=2592000,h3-Q043=\":443\"; ma=2592000,quic=\":443\"; ma=2592000; v=\"46,43\"","accept-ranges":"none","transfer-encoding":"chunked"}
[info] 
[info] === Deploying to 'expense-tracker-app-12ef2'...
[info] 
[info] i  deploying hosting 
[debug] [2020-06-01T09:10:42.353Z] >>> HTTP REQUEST POST https://firebasehosting.googleapis.com/v1beta1/sites/expense-tracker-app-12ef2/versions  
 {"config":{"rewrites":[{"glob":"**","path":"/index.html"}]},"labels":{"deployment-tool":"cli-firebase"}}
